<?xml version="1.0" encoding="UTF-8"?>
<testng-results skipped="0" failed="0" ignored="0" total="1" passed="1">
  <reporter-output>
  </reporter-output>
  <suite name="Default suite" duration-ms="27325" started-at="2020-06-28T03:35:42 IST" finished-at="2020-06-28T03:36:09 IST">
    <groups>
    </groups>
    <test name="Default test" duration-ms="27325" started-at="2020-06-28T03:35:42 IST" finished-at="2020-06-28T03:36:09 IST">
      <class name="EEExecution.ExecuteCases">
        <test-method status="PASS" signature="launch()[pri:0, instance:EEExecution.ExecuteCases@5185bd]" name="launch" is-config="true" duration-ms="20502" started-at="2020-06-28T03:35:42 IST" finished-at="2020-06-28T03:36:02 IST">
          <reporter-output>
          </reporter-output>
        </test-method> <!-- launch -->
        <test-method status="PASS" signature="ValidateLogin()[pri:0, instance:EEExecution.ExecuteCases@5185bd]" name="ValidateLogin" duration-ms="6760" started-at="2020-06-28T03:36:02 IST" finished-at="2020-06-28T03:36:09 IST">
          <reporter-output>
          </reporter-output>
        </test-method> <!-- ValidateLogin -->
        <test-method status="PASS" signature="closeApp()[pri:0, instance:EEExecution.ExecuteCases@5185bd]" name="closeApp" is-config="true" duration-ms="0" started-at="2020-06-28T03:36:09 IST" finished-at="2020-06-28T03:36:09 IST">
          <reporter-output>
          </reporter-output>
        </test-method> <!-- closeApp -->
      </class> <!-- EEExecution.ExecuteCases -->
    </test> <!-- Default test -->
  </suite> <!-- Default suite -->
</testng-results>
