<?xml version="1.0" encoding="UTF-8"?>
<testng-results skipped="0" failed="0" ignored="0" total="1" passed="1">
  <reporter-output>
  </reporter-output>
  <suite name="Default suite" duration-ms="22022" started-at="2020-06-28T22:59:16 IST" finished-at="2020-06-28T22:59:38 IST">
    <groups>
    </groups>
    <test name="Default test" duration-ms="22022" started-at="2020-06-28T22:59:16 IST" finished-at="2020-06-28T22:59:38 IST">
      <class name="EEExecution.ExecuteCases">
        <test-method status="PASS" signature="Initialize()[pri:0, instance:EEExecution.ExecuteCases@a74868d]" name="Initialize" is-config="true" duration-ms="11236" started-at="2020-06-28T22:59:16 IST" finished-at="2020-06-28T22:59:27 IST">
          <reporter-output>
          </reporter-output>
        </test-method> <!-- Initialize -->
        <test-method status="PASS" signature="ValidateLogin()[pri:0, instance:EEExecution.ExecuteCases@a74868d]" name="ValidateLogin" duration-ms="10051" started-at="2020-06-28T22:59:27 IST" finished-at="2020-06-28T22:59:37 IST">
          <reporter-output>
          </reporter-output>
        </test-method> <!-- ValidateLogin -->
        <test-method status="PASS" signature="closeApp()[pri:0, instance:EEExecution.ExecuteCases@a74868d]" name="closeApp" is-config="true" duration-ms="632" started-at="2020-06-28T22:59:37 IST" finished-at="2020-06-28T22:59:38 IST">
          <reporter-output>
          </reporter-output>
        </test-method> <!-- closeApp -->
      </class> <!-- EEExecution.ExecuteCases -->
    </test> <!-- Default test -->
  </suite> <!-- Default suite -->
</testng-results>
